[0m21:01:03.676322 [debug] [MainThread]: Sending event: {'category': 'dbt', 'action': 'invocation', 'label': 'start', 'context': [<snowplow_tracker.self_describing_json.SelfDescribingJson object at 0x00000207E04B7470>, <snowplow_tracker.self_describing_json.SelfDescribingJson object at 0x00000207E00EBEF0>, <snowplow_tracker.self_describing_json.SelfDescribingJson object at 0x00000207DFD9FF20>]}


============================== 21:01:03.749328 | 8d1bb56e-a317-47b6-ada4-e690fa44951a ==============================
[0m21:01:03.749328 [info ] [MainThread]: Running with dbt=1.11.8
[0m21:01:03.750322 [debug] [MainThread]: running dbt with arguments {'printer_width': '80', 'use_experimental_parser': 'False', 'cache_selected_only': 'False', 'warn_error': 'None', 'empty': 'None', 'debug': 'False', 'static_parser': 'True', 'log_cache_events': 'False', 'profiles_dir': 'C:\\Users\\User\\.dbt', 'log_format': 'default', 'quiet': 'False', 'use_colors': 'True', 'partial_parse': 'True', 'version_check': 'True', 'log_path': 'logs', 'introspect': 'True', 'warn_error_options': 'WarnErrorOptionsV2(error=[], warn=[], silence=[])', 'fail_fast': 'False', 'invocation_command': 'dbt init', 'no_print': 'None', 'send_anonymous_usage_stats': 'True', 'indirect_selection': 'eager', 'target_path': 'None', 'write_json': 'True'}
[0m21:01:03.782323 [info ] [MainThread]: Creating dbt configuration folder at C:\Users\User\.dbt
[0m21:01:03.784323 [error] [MainThread]: Encountered an error:

[0m21:01:03.787323 [error] [MainThread]: Traceback (most recent call last):
  File "C:\Users\User\AppData\Local\Programs\Python\Python312\Lib\site-packages\dbt\cli\requires.py", line 182, in wrapper
    result, success = func(*args, **kwargs)
                      ^^^^^^^^^^^^^^^^^^^^^
  File "C:\Users\User\AppData\Local\Programs\Python\Python312\Lib\site-packages\dbt\cli\requires.py", line 128, in wrapper
    return func(*args, **kwargs)
           ^^^^^^^^^^^^^^^^^^^^^
  File "C:\Users\User\AppData\Local\Programs\Python\Python312\Lib\site-packages\dbt\cli\main.py", line 488, in init
    results = task.run()
              ^^^^^^^^^^
  File "C:\Users\User\AppData\Local\Programs\Python\Python312\Lib\site-packages\dbt\task\init.py", line 324, in run
    project_name = self.get_valid_project_name()
                   ^^^^^^^^^^^^^^^^^^^^^^^^^^^^^
  File "C:\Users\User\AppData\Local\Programs\Python\Python312\Lib\site-packages\dbt\task\init.py", line 278, in get_valid_project_name
    name = click.prompt("Enter a name for your project (letters, digits, underscore)")
           ^^^^^^^^^^^^^^^^^^^^^^^^^^^^^^^^^^^^^^^^^^^^^^^^^^^^^^^^^^^^^^^^^^^^^^^^^^^
  File "C:\Users\User\AppData\Local\Programs\Python\Python312\Lib\site-packages\click\termui.py", line 179, in prompt
    value = prompt_func(prompt)
            ^^^^^^^^^^^^^^^^^^^
  File "C:\Users\User\AppData\Local\Programs\Python\Python312\Lib\site-packages\click\termui.py", line 162, in prompt_func
    raise Abort() from None
click.exceptions.Abort

[0m21:01:03.798327 [debug] [MainThread]: Command `dbt init` failed at 21:01:03.797322 after 0.32 seconds
[0m21:01:03.798327 [debug] [MainThread]: Sending event: {'category': 'dbt', 'action': 'invocation', 'label': 'end', 'context': [<snowplow_tracker.self_describing_json.SelfDescribingJson object at 0x00000207E0637530>, <snowplow_tracker.self_describing_json.SelfDescribingJson object at 0x00000207E1DC0E90>, <snowplow_tracker.self_describing_json.SelfDescribingJson object at 0x00000207E1DC3380>]}
[0m21:01:03.799325 [debug] [MainThread]: Flushing usage events
[0m21:01:04.830765 [debug] [MainThread]: An error was encountered while trying to flush usage events
[0m21:02:37.250409 [debug] [MainThread]: Sending event: {'category': 'dbt', 'action': 'invocation', 'label': 'start', 'context': [<snowplow_tracker.self_describing_json.SelfDescribingJson object at 0x000001976C28D640>, <snowplow_tracker.self_describing_json.SelfDescribingJson object at 0x000001976C102C30>, <snowplow_tracker.self_describing_json.SelfDescribingJson object at 0x000001976C103F80>]}


============================== 21:02:37.255409 | 61a57d38-bffa-4776-b715-3c2c739dd50b ==============================
[0m21:02:37.255409 [info ] [MainThread]: Running with dbt=1.11.8
[0m21:02:37.256411 [debug] [MainThread]: running dbt with arguments {'printer_width': '80', 'use_experimental_parser': 'False', 'cache_selected_only': 'False', 'warn_error': 'None', 'profiles_dir': 'C:\\Users\\User\\.dbt', 'debug': 'False', 'static_parser': 'True', 'log_cache_events': 'False', 'empty': 'None', 'log_format': 'default', 'quiet': 'False', 'use_colors': 'True', 'partial_parse': 'True', 'version_check': 'True', 'log_path': 'logs', 'introspect': 'True', 'warn_error_options': 'WarnErrorOptionsV2(error=[], warn=[], silence=[])', 'fail_fast': 'False', 'invocation_command': 'dbt init rba_pipeline', 'no_print': 'None', 'send_anonymous_usage_stats': 'True', 'indirect_selection': 'eager', 'target_path': 'None', 'write_json': 'True'}
[0m21:02:37.281409 [debug] [MainThread]: Starter project path: C:\Users\User\AppData\Local\Programs\Python\Python312\Lib\site-packages\dbt\include\starter_project
[0m21:02:37.309410 [info ] [MainThread]: 
Your new dbt project "rba_pipeline" was created!

For more information on how to configure the profiles.yml file,
please consult the dbt documentation here:

  https://docs.getdbt.com/docs/configure-your-profile

One more thing:

Need help? Don't hesitate to reach out to us via GitHub issues or on Slack:

  https://community.getdbt.com/

Happy modeling!

[0m21:02:37.310411 [info ] [MainThread]: Setting up your profile.
[0m21:02:37.312409 [error] [MainThread]: Encountered an error:

[0m21:02:37.314410 [error] [MainThread]: Traceback (most recent call last):
  File "C:\Users\User\AppData\Local\Programs\Python\Python312\Lib\site-packages\dbt\cli\requires.py", line 182, in wrapper
    result, success = func(*args, **kwargs)
                      ^^^^^^^^^^^^^^^^^^^^^
  File "C:\Users\User\AppData\Local\Programs\Python\Python312\Lib\site-packages\dbt\cli\requires.py", line 128, in wrapper
    return func(*args, **kwargs)
           ^^^^^^^^^^^^^^^^^^^^^
  File "C:\Users\User\AppData\Local\Programs\Python\Python312\Lib\site-packages\dbt\cli\main.py", line 488, in init
    results = task.run()
              ^^^^^^^^^^
  File "C:\Users\User\AppData\Local\Programs\Python\Python312\Lib\site-packages\dbt\task\init.py", line 346, in run
    self.setup_profile(profile_name)
  File "C:\Users\User\AppData\Local\Programs\Python\Python312\Lib\site-packages\dbt\task\init.py", line 261, in setup_profile
    adapter = self.ask_for_adapter_choice()
              ^^^^^^^^^^^^^^^^^^^^^^^^^^^^^
  File "C:\Users\User\AppData\Local\Programs\Python\Python312\Lib\site-packages\dbt\task\init.py", line 242, in ask_for_adapter_choice
    numeric_choice = click.prompt(prompt_msg, type=click.INT)
                     ^^^^^^^^^^^^^^^^^^^^^^^^^^^^^^^^^^^^^^^^
  File "C:\Users\User\AppData\Local\Programs\Python\Python312\Lib\site-packages\click\termui.py", line 179, in prompt
    value = prompt_func(prompt)
            ^^^^^^^^^^^^^^^^^^^
  File "C:\Users\User\AppData\Local\Programs\Python\Python312\Lib\site-packages\click\termui.py", line 162, in prompt_func
    raise Abort() from None
click.exceptions.Abort

[0m21:02:37.316409 [debug] [MainThread]: Command `dbt init` failed at 21:02:37.316409 after 0.20 seconds
[0m21:02:37.316409 [debug] [MainThread]: Sending event: {'category': 'dbt', 'action': 'invocation', 'label': 'end', 'context': [<snowplow_tracker.self_describing_json.SelfDescribingJson object at 0x000001976B175250>, <snowplow_tracker.self_describing_json.SelfDescribingJson object at 0x000001976DB93CB0>, <snowplow_tracker.self_describing_json.SelfDescribingJson object at 0x000001976D8F6000>]}
[0m21:02:37.317410 [debug] [MainThread]: Flushing usage events
[0m21:02:38.181432 [debug] [MainThread]: An error was encountered while trying to flush usage events
[0m21:02:50.938155 [debug] [MainThread]: Sending event: {'category': 'dbt', 'action': 'invocation', 'label': 'start', 'context': [<snowplow_tracker.self_describing_json.SelfDescribingJson object at 0x0000029476138260>, <snowplow_tracker.self_describing_json.SelfDescribingJson object at 0x0000029477DFA0F0>, <snowplow_tracker.self_describing_json.SelfDescribingJson object at 0x0000029478FA99A0>]}


============================== 21:02:50.944156 | 3d3c674c-0955-48a2-b652-dac3101d6361 ==============================
[0m21:02:50.944156 [info ] [MainThread]: Running with dbt=1.11.8
[0m21:02:50.945158 [debug] [MainThread]: running dbt with arguments {'printer_width': '80', 'target_path': 'None', 'cache_selected_only': 'False', 'warn_error': 'None', 'profiles_dir': 'C:\\Users\\User\\.dbt', 'debug': 'False', 'static_parser': 'True', 'log_cache_events': 'False', 'empty': 'None', 'log_format': 'default', 'quiet': 'False', 'use_colors': 'True', 'partial_parse': 'True', 'version_check': 'True', 'log_path': 'logs', 'introspect': 'True', 'invocation_command': 'dbt init', 'fail_fast': 'False', 'warn_error_options': 'WarnErrorOptionsV2(error=[], warn=[], silence=[])', 'no_print': 'None', 'send_anonymous_usage_stats': 'True', 'indirect_selection': 'eager', 'use_experimental_parser': 'False', 'write_json': 'True'}
